Using pre-set license
Built from '2021.3/staging' branch; Version is '2021.3.7f1 (24e8595d6d43) revision 2418777'; Using compiler version '192829333'; Build Type 'Release'
OS: 'Windows 10  (10.0.19044) 64bit CoreSingleLanguage' Language: 'en' Physical Memory: 7995 MB
BatchMode: 1, IsHumanControllingUs: 0, StartBugReporterOnCrash: 0, Is64bit: 1, IsPro: 1

COMMAND LINE ARGUMENTS:
C:\Program Files\Unity\Hub\Editor\2021.3.7f1\Editor\Unity.exe
-adb2
-batchMode
-noUpm
-name
AssetImportWorker0
-projectPath
D:/TeckStrike/GameDevTutorial
-logFile
Logs/AssetImportWorker0.log
-srvPort
1334
Successfully changed project path to: D:/TeckStrike/GameDevTutorial
D:/TeckStrike/GameDevTutorial
[UnityMemory] Configuration Parameters - Can be set up in boot.config
    "memorysetup-bucket-allocator-granularity=16"
    "memorysetup-bucket-allocator-bucket-count=8"
    "memorysetup-bucket-allocator-block-size=33554432"
    "memorysetup-bucket-allocator-block-count=8"
    "memorysetup-main-allocator-block-size=16777216"
    "memorysetup-thread-allocator-block-size=16777216"
    "memorysetup-gfx-main-allocator-block-size=16777216"
    "memorysetup-gfx-thread-allocator-block-size=16777216"
    "memorysetup-cache-allocator-block-size=4194304"
    "memorysetup-typetree-allocator-block-size=2097152"
    "memorysetup-profiler-bucket-allocator-granularity=16"
    "memorysetup-profiler-bucket-allocator-bucket-count=8"
    "memorysetup-profiler-bucket-allocator-block-size=33554432"
    "memorysetup-profiler-bucket-allocator-block-count=8"
    "memorysetup-profiler-allocator-block-size=16777216"
    "memorysetup-profiler-editor-allocator-block-size=1048576"
    "memorysetup-temp-allocator-size-main=16777216"
    "memorysetup-job-temp-allocator-block-size=2097152"
    "memorysetup-job-temp-allocator-block-size-background=1048576"
    "memorysetup-job-temp-allocator-reduction-small-platforms=262144"
    "memorysetup-temp-allocator-size-background-worker=32768"
    "memorysetup-temp-allocator-size-job-worker=262144"
    "memorysetup-temp-allocator-size-preload-manager=33554432"
    "memorysetup-temp-allocator-size-nav-mesh-worker=65536"
    "memorysetup-temp-allocator-size-audio-worker=65536"
    "memorysetup-temp-allocator-size-cloud-worker=32768"
    "memorysetup-temp-allocator-size-gi-baking-worker=262144"
    "memorysetup-temp-allocator-size-gfx=262144"
Refreshing native plugins compatible for Editor in 134.91 ms, found 3 plugins.
Preloading 0 native plugins for Editor in 0.00 ms.
Initialize engine version: 2021.3.7f1 (24e8595d6d43)
[Subsystems] Discovering subsystems at path C:/Program Files/Unity/Hub/Editor/2021.3.7f1/Editor/Data/Resources/UnitySubsystems
[Subsystems] Discovering subsystems at path D:/TeckStrike/GameDevTutorial/Assets
GfxDevice: creating device client; threaded=0; jobified=0
Direct3D:
    Version:  Direct3D 11.0 [level 11.1]
    Renderer: Intel(R) UHD Graphics (ID=0x9b41)
    Vendor:   Intel
    VRAM:     3997 MB
    Driver:   27.20.100.8935
Initialize mono
Mono path[0] = 'C:/Program Files/Unity/Hub/Editor/2021.3.7f1/Editor/Data/Managed'
Mono path[1] = 'C:/Program Files/Unity/Hub/Editor/2021.3.7f1/Editor/Data/MonoBleedingEdge/lib/mono/unityjit-win32'
Mono config path = 'C:/Program Files/Unity/Hub/Editor/2021.3.7f1/Editor/Data/MonoBleedingEdge/etc'
Using monoOptions --debugger-agent=transport=dt_socket,embedding=1,server=y,suspend=n,address=127.0.0.1:56060
Begin MonoManager ReloadAssembly
Registering precompiled unity dll's ...
Register platform support module: C:/Program Files/Unity/Hub/Editor/2021.3.7f1/Editor/Data/PlaybackEngines/WebGLSupport/UnityEditor.WebGL.Extensions.dll
Register platform support module: C:/Program Files/Unity/Hub/Editor/2021.3.7f1/Editor/Data/PlaybackEngines/WindowsStandaloneSupport/UnityEditor.WindowsStandalone.Extensions.dll
Registered in 0.013580 seconds.
Native extension for WindowsStandalone target not found
Native extension for WebGL target not found
Refreshing native plugins compatible for Editor in 149.89 ms, found 3 plugins.
Preloading 0 native plugins for Editor in 0.00 ms.
Mono: successfully reloaded assembly
- Completed reload, in  1.253 seconds
Domain Reload Profiling:
	ReloadAssembly (1254ms)
		BeginReloadAssembly (146ms)
			ExecutionOrderSort (0ms)
			DisableScriptedObjects (0ms)
			BackupInstance (0ms)
			ReleaseScriptingObjects (0ms)
			CreateAndSetChildDomain (1ms)
		EndReloadAssembly (917ms)
			LoadAssemblies (141ms)
			RebuildTransferFunctionScriptingTraits (0ms)
			SetupTypeCache (299ms)
			ReleaseScriptCaches (0ms)
			RebuildScriptCaches (46ms)
			SetupLoadedEditorAssemblies (480ms)
				LogAssemblyErrors (0ms)
				InitializePlatformSupportModulesInManaged (16ms)
				SetLoadedEditorAssemblies (0ms)
				RefreshPlugins (150ms)
				BeforeProcessingInitializeOnLoad (2ms)
				ProcessInitializeOnLoadAttributes (235ms)
				ProcessInitializeOnLoadMethodAttributes (76ms)
				AfterProcessingInitializeOnLoad (0ms)
				EditorAssembliesLoaded (0ms)
			ExecutionOrderSort2 (0ms)
			AwakeInstancesAfterBackupRestoration (0ms)
Platform modules already initialized, skipping
Registering precompiled user dll's ...
Registered in 0.006717 seconds.
Begin MonoManager ReloadAssembly
Symbol file LoadedFromMemory doesn't match image D:\TeckStrike\GameDevTutorial\Library\PackageCache\com.unity.visualscripting@1.7.8\Editor\VisualScripting.Core\Dependencies\YamlDotNet\Unity.VisualScripting.YamlDotNet.dll
Symbol file LoadedFromMemory doesn't match image D:\TeckStrike\GameDevTutorial\Library\PackageCache\com.unity.visualscripting@1.7.8\Editor\VisualScripting.Core\Dependencies\DotNetZip\Unity.VisualScripting.IonicZip.dll
Native extension for WindowsStandalone target not found
Native extension for WebGL target not found
Refreshing native plugins compatible for Editor in 0.99 ms, found 3 plugins.
Preloading 0 native plugins for Editor in 0.00 ms.
Mono: successfully reloaded assembly
- Completed reload, in  2.061 seconds
Domain Reload Profiling:
	ReloadAssembly (2062ms)
		BeginReloadAssembly (395ms)
			ExecutionOrderSort (0ms)
			DisableScriptedObjects (11ms)
			BackupInstance (0ms)
			ReleaseScriptingObjects (0ms)
			CreateAndSetChildDomain (36ms)
		EndReloadAssembly (1403ms)
			LoadAssemblies (309ms)
			RebuildTransferFunctionScriptingTraits (0ms)
			SetupTypeCache (464ms)
			ReleaseScriptCaches (1ms)
			RebuildScriptCaches (100ms)
			SetupLoadedEditorAssemblies (640ms)
				LogAssemblyErrors (0ms)
				InitializePlatformSupportModulesInManaged (11ms)
				SetLoadedEditorAssemblies (1ms)
				RefreshPlugins (1ms)
				BeforeProcessingInitializeOnLoad (142ms)
				ProcessInitializeOnLoadAttributes (418ms)
				ProcessInitializeOnLoadMethodAttributes (51ms)
				AfterProcessingInitializeOnLoad (16ms)
				EditorAssembliesLoaded (0ms)
			ExecutionOrderSort2 (0ms)
			AwakeInstancesAfterBackupRestoration (11ms)
Platform modules already initialized, skipping
========================================================================
Worker process is ready to serve import requests
Launched and connected shader compiler UnityShaderCompiler.exe after 0.18 seconds
Refreshing native plugins compatible for Editor in 0.91 ms, found 3 plugins.
Preloading 0 native plugins for Editor in 0.00 ms.
Unloading 3378 Unused Serialized files (Serialized files now loaded: 0)
Unloading 27 unused Assets / (110.9 KB). Loaded Objects now: 3835.
Memory consumption went from 116.1 MB to 116.0 MB.
Total: 4.387000 ms (FindLiveObjects: 0.363600 ms CreateObjectMapping: 0.315700 ms MarkObjects: 3.570200 ms  DeleteObjects: 0.135300 ms)

AssetImportParameters requested are different than current active one (requested -> active):
  custom:video-decoder-ogg-theora: a1e56fd34408186e4bbccfd4996cb3dc -> 
  custom:container-muxer-webm: aa71ff27fc2769a1b78a27578f13a17b -> 
  custom:container-demuxer-webm: 4f35f7cbe854078d1ac9338744f61a02 -> 
  custom:video-encoder-webm-vp8: eb34c28f22e8b96e1ab97ce403110664 -> 
  custom:audio-encoder-webm-vorbis: bf7c407c2cedff20999df2af8eb42d56 -> 
  custom:framework-win-MediaFoundation: 216162199b28c13a410421893ffa2e32 -> 
  custom:container-demuxer-ogg: 62fdf1f143b41e24485cea50d1cbac27 -> 
  custom:video-decoder-webm-vp8: 9c59270c3fd7afecdb556c50c9e8de78 -> 
  custom:audio-decoder-ogg-vorbis: bf7c407c2cedff20999df2af8eb42d56 -> 
========================================================================
Received Import Request.
  Time since last request: 99464.423048 seconds.
  path: Assets/Player.mat
  artifactKey: Guid(55a698bd7b5adb64599cf858d783ad2b) Importer(815301076,1909f56bfc062723c751e8b465ee728b)
Start importing Assets/Player.mat using Guid(55a698bd7b5adb64599cf858d783ad2b) Importer(815301076,1909f56bfc062723c751e8b465ee728b)  -> (artifact id: 'cd1b8224874be89620b135399ea9ee0b') in 0.244846 seconds 
========================================================================
Received Import Request.
  Time since last request: 39.243674 seconds.
  path: Assets/NightHawk1.blend
  artifactKey: Guid(ff0bcd43f8ce78d4ca7e43924ee8a7aa) Importer(815301076,1909f56bfc062723c751e8b465ee728b)
Start importing Assets/NightHawk1.blend using Guid(ff0bcd43f8ce78d4ca7e43924ee8a7aa) Importer(815301076,1909f56bfc062723c751e8b465ee728b)  -> (artifact id: '716625c9b1d7be97266d3495880f7f4b') in 0.135327 seconds 
========================================================================
Received Import Request.
  Time since last request: 482.495982 seconds.
  path: Assets/NightHawk1.obj
  artifactKey: Guid(d36fab76d81b2fb4e8e6c1599cb8a597) Importer(815301076,1909f56bfc062723c751e8b465ee728b)
Start importing Assets/NightHawk1.obj using Guid(d36fab76d81b2fb4e8e6c1599cb8a597) Importer(815301076,1909f56bfc062723c751e8b465ee728b)  -> (artifact id: '041bb3a41986d8bfd4882f8a5aa353e8') in 0.142518 seconds 
========================================================================
Received Import Request.
  Time since last request: 76.246595 seconds.
  path: Assets/NightHawk1.fbx
  artifactKey: Guid(152886e898ffafc4fb9b8bd34c1865e5) Importer(815301076,1909f56bfc062723c751e8b465ee728b)
Start importing Assets/NightHawk1.fbx using Guid(152886e898ffafc4fb9b8bd34c1865e5) Importer(815301076,1909f56bfc062723c751e8b465ee728b)  -> (artifact id: '294bae399c94887f717be5459c405b10') in 0.044126 seconds 
========================================================================
Received Import Request.
  Time since last request: 93.122175 seconds.
  path: Assets/NightHawk1.blend
  artifactKey: Guid(ff0bcd43f8ce78d4ca7e43924ee8a7aa) Importer(815301076,1909f56bfc062723c751e8b465ee728b)
Start importing Assets/NightHawk1.blend using Guid(ff0bcd43f8ce78d4ca7e43924ee8a7aa) Importer(815301076,1909f56bfc062723c751e8b465ee728b)  -> (artifact id: '90c2301299f1a9124115eeca3976e454') in 0.085632 seconds 
========================================================================
Received Import Request.
  Time since last request: 64.922288 seconds.
  path: Assets/NightHawk1 1.blend
  artifactKey: Guid(ee2e551a7cd39694eb0e280f10c7fd38) Importer(815301076,1909f56bfc062723c751e8b465ee728b)
Start importing Assets/NightHawk1 1.blend using Guid(ee2e551a7cd39694eb0e280f10c7fd38) Importer(815301076,1909f56bfc062723c751e8b465ee728b)  -> (artifact id: 'c4cfb86d60e39ac90c39348d568bf407') in 0.062728 seconds 
========================================================================
Received Import Request.
  Time since last request: 365.138171 seconds.
  path: Assets/NightHawk1.fbx
  artifactKey: Guid(152886e898ffafc4fb9b8bd34c1865e5) Importer(815301076,1909f56bfc062723c751e8b465ee728b)
Start importing Assets/NightHawk1.fbx using Guid(152886e898ffafc4fb9b8bd34c1865e5) Importer(815301076,1909f56bfc062723c751e8b465ee728b)  -> (artifact id: 'f5b897ba1a3bfc4acda0528b3ccd8deb') in 0.077529 seconds 
========================================================================
Received Import Request.
  Time since last request: 79.747008 seconds.
  path: Assets/Player.cs
  artifactKey: Guid(38167add587dbc94e9aaac164828443f) Importer(815301076,1909f56bfc062723c751e8b465ee728b)
Start importing Assets/Player.cs using Guid(38167add587dbc94e9aaac164828443f) Importer(815301076,1909f56bfc062723c751e8b465ee728b)  -> (artifact id: '294f43d5385ab3d01f0521619886f526') in 0.014336 seconds 
